[ERROR] 2018-04-05 09:15:43.978 [http-nio-8080-exec-7] DataSourseProperty - java.sql.DriverManager.getConnection(Unknown Source)
[ERROR] 2018-04-05 09:15:44.071 [http-nio-8080-exec-7] DataSourseProperty - java.sql.DriverManager.getConnection(Unknown Source)
[ERROR] 2018-04-05 09:15:44.071 [http-nio-8080-exec-7] DataSourseProperty - by.htp.trucking.dao.impl.MyConnectionPool.<init>(MyConnectionPool.java:32)
[ERROR] 2018-04-05 09:15:44.072 [http-nio-8080-exec-7] DataSourseProperty - by.htp.trucking.dao.impl.DataSourseProperty.<init>(DataSourseProperty.java:41)
[ERROR] 2018-04-05 09:15:44.073 [http-nio-8080-exec-7] DataSourseProperty - by.htp.trucking.dao.impl.DataSourseProperty.<clinit>(DataSourseProperty.java:26)
[ERROR] 2018-04-05 09:15:44.073 [http-nio-8080-exec-7] DataSourseProperty - by.htp.trucking.dao.impl.UserDAOImpl.logination(UserDAOImpl.java:27)
[ERROR] 2018-04-05 09:15:44.074 [http-nio-8080-exec-7] DataSourseProperty - by.htp.trucking.service.impl.UserServiceImpl.logination(UserServiceImpl.java:25)
[ERROR] 2018-04-05 09:15:44.075 [http-nio-8080-exec-7] DataSourseProperty - by.htp.trucking.controller.command.impl.LoginPage.execute(LoginPage.java:45)
[ERROR] 2018-04-05 09:15:44.075 [http-nio-8080-exec-7] DataSourseProperty - by.htp.trucking.controller.Controller.doPost(Controller.java:38)
[ERROR] 2018-04-05 09:15:44.076 [http-nio-8080-exec-7] DataSourseProperty - javax.servlet.http.HttpServlet.service(HttpServlet.java:661)
[ERROR] 2018-04-05 09:15:44.076 [http-nio-8080-exec-7] DataSourseProperty - javax.servlet.http.HttpServlet.service(HttpServlet.java:742)
[ERROR] 2018-04-05 09:15:44.077 [http-nio-8080-exec-7] DataSourseProperty - org.apache.catalina.core.ApplicationFilterChain.internalDoFilter(ApplicationFilterChain.java:231)
[ERROR] 2018-04-05 09:15:44.078 [http-nio-8080-exec-7] DataSourseProperty - org.apache.catalina.core.ApplicationFilterChain.doFilter(ApplicationFilterChain.java:166)
[ERROR] 2018-04-05 09:15:44.078 [http-nio-8080-exec-7] DataSourseProperty - org.apache.tomcat.websocket.server.WsFilter.doFilter(WsFilter.java:52)
[ERROR] 2018-04-05 09:15:44.078 [http-nio-8080-exec-7] DataSourseProperty - org.apache.catalina.core.ApplicationFilterChain.internalDoFilter(ApplicationFilterChain.java:193)
[ERROR] 2018-04-05 09:15:44.079 [http-nio-8080-exec-7] DataSourseProperty - org.apache.catalina.core.ApplicationFilterChain.doFilter(ApplicationFilterChain.java:166)
[ERROR] 2018-04-05 09:15:44.079 [http-nio-8080-exec-7] DataSourseProperty - org.apache.catalina.core.StandardWrapperValve.invoke(StandardWrapperValve.java:198)
[ERROR] 2018-04-05 09:15:44.080 [http-nio-8080-exec-7] DataSourseProperty - org.apache.catalina.core.StandardContextValve.invoke(StandardContextValve.java:96)
[ERROR] 2018-04-05 09:15:44.080 [http-nio-8080-exec-7] DataSourseProperty - org.apache.catalina.authenticator.AuthenticatorBase.invoke(AuthenticatorBase.java:504)
[ERROR] 2018-04-05 09:15:44.080 [http-nio-8080-exec-7] DataSourseProperty - org.apache.catalina.core.StandardHostValve.invoke(StandardHostValve.java:140)
[ERROR] 2018-04-05 09:15:44.081 [http-nio-8080-exec-7] DataSourseProperty - org.apache.catalina.valves.ErrorReportValve.invoke(ErrorReportValve.java:81)
[ERROR] 2018-04-05 09:15:44.081 [http-nio-8080-exec-7] DataSourseProperty - org.apache.catalina.valves.AbstractAccessLogValve.invoke(AbstractAccessLogValve.java:650)
[ERROR] 2018-04-05 09:15:44.082 [http-nio-8080-exec-7] DataSourseProperty - org.apache.catalina.core.StandardEngineValve.invoke(StandardEngineValve.java:87)
[ERROR] 2018-04-05 09:15:44.082 [http-nio-8080-exec-7] DataSourseProperty - org.apache.catalina.connector.CoyoteAdapter.service(CoyoteAdapter.java:342)
[ERROR] 2018-04-05 09:15:44.083 [http-nio-8080-exec-7] DataSourseProperty - org.apache.coyote.http11.Http11Processor.service(Http11Processor.java:803)
[ERROR] 2018-04-05 09:15:44.083 [http-nio-8080-exec-7] DataSourseProperty - org.apache.coyote.AbstractProcessorLight.process(AbstractProcessorLight.java:66)
[ERROR] 2018-04-05 09:15:44.084 [http-nio-8080-exec-7] DataSourseProperty - org.apache.coyote.AbstractProtocol$ConnectionHandler.process(AbstractProtocol.java:790)
[ERROR] 2018-04-05 09:15:44.085 [http-nio-8080-exec-7] DataSourseProperty - org.apache.tomcat.util.net.NioEndpoint$SocketProcessor.doRun(NioEndpoint.java:1459)
[ERROR] 2018-04-05 09:15:44.085 [http-nio-8080-exec-7] DataSourseProperty - org.apache.tomcat.util.net.SocketProcessorBase.run(SocketProcessorBase.java:49)
[ERROR] 2018-04-05 09:15:44.086 [http-nio-8080-exec-7] DataSourseProperty - java.util.concurrent.ThreadPoolExecutor.runWorker(Unknown Source)
[ERROR] 2018-04-05 09:15:44.086 [http-nio-8080-exec-7] DataSourseProperty - java.util.concurrent.ThreadPoolExecutor$Worker.run(Unknown Source)
[ERROR] 2018-04-05 09:15:44.087 [http-nio-8080-exec-7] DataSourseProperty - org.apache.tomcat.util.threads.TaskThread$WrappingRunnable.run(TaskThread.java:61)
[ERROR] 2018-04-05 09:15:44.088 [http-nio-8080-exec-7] DataSourseProperty - java.lang.Thread.run(Unknown Source)
